<?xml version="1.0" encoding="UTF-8"?>
<!-- Generated by org.testng.reporters.JUnitXMLReporter -->
<testsuite ignored="0" hostname="Praful" failures="0" tests="1" name="ChromeTest" time="3.557" errors="0" timestamp="2024-12-17T18:54:42 IST">
  <testcase classname="testClasses.VerifyUserCanLogin" name="@BeforeMethod initilization" time="-1.734441882088E9">
    <failure type="org.testng.TestNGException" message="
Can inject only one of &amp;lt;ITestContext, XmlTest, Method, Object[], ITestResult&amp;gt; into a @BeforeMethod annotated initilization.
For more information on native dependency injection please refer to https://testng.org/#_dependency_injection">
      <![CDATA[org.testng.TestNGException: 
Can inject only one of <ITestContext, XmlTest, Method, Object[], ITestResult> into a @BeforeMethod annotated initilization.
For more information on native dependency injection please refer to https://testng.org/#_dependency_injection
at java.base/java.util.ArrayList.forEach(ArrayList.java:1511)
... Removed 28 stack frames]]>
    </failure>
  </testcase> <!-- @BeforeMethod initilization -->
  <testcase classname="testClasses.VerifyUserCanLogin" name="@AfterMethod logTestResult" time="0.0">
    <skipped/>
  </testcase> <!-- @AfterMethod logTestResult -->
  <testcase classname="testClasses.VerifyUserCanLogin" name="@AfterClass tearDown" time="0.0">
    <skipped/>
  </testcase> <!-- @AfterClass tearDown -->
  <testcase classname="testClasses.VerifyUserCanLogin" name="verifyUserCanLogin" time="0.0">
    <skipped/>
  </testcase> <!-- verifyUserCanLogin -->
</testsuite> <!-- ChromeTest -->
